<?xml version="1.0" encoding="UTF-8"?>
<!-- Generated by org.testng.reporters.JUnitXMLReporter -->
<testsuite hostname="DELL" ignored="0" name="Test" tests="11" failures="1" timestamp="2020-05-31T13:49:06 IST" time="547.642" errors="0">
  <testcase name="GreenKart" time="34.307" classname="Practice1.SeleniumMavenProject.RahulShettyGreenKart"/>
  <testcase name="Action" time="22.708" classname="Practice1.SeleniumMavenProject.Amazon_Action"/>
  <testcase name="AlertTest" time="26.892" classname="Practice1.SeleniumMavenProject.AlertHandling"/>
  <testcase name="SwitchWindow" time="20.66" classname="Practice1.SeleniumMavenProject.SwitchingWindows"/>
  <testcase name="ClickonLink" time="63.155" classname="Practice1.SeleniumMavenProject.ClickingOnLinks"/>
  <testcase name="SwitchFrames" time="23.203" classname="Practice1.SeleniumMavenProject.SwitchingFrames">
    <failure type="org.openqa.selenium.WebDriverException" message="Timed out waiting for driver server to start.
Build info: version: &amp;apos;3.141.59&amp;apos;, revision: &amp;apos;e82be7d358&amp;apos;, time: &amp;apos;2018-11-14T08:17:03&amp;apos;
System info: host: &amp;apos;DELL&amp;apos;, ip: &amp;apos;192.168.43.7&amp;apos;, os.name: &amp;apos;Windows 8.1&amp;apos;, os.arch: &amp;apos;amd64&amp;apos;, os.version: &amp;apos;6.3&amp;apos;, java.version: &amp;apos;1.8.0_121&amp;apos;
Driver info: driver.version: ChromeDriver">
      <![CDATA[org.openqa.selenium.WebDriverException: Timed out waiting for driver server to start.
Build info: version: '3.141.59', revision: 'e82be7d358', time: '2018-11-14T08:17:03'
System info: host: 'DELL', ip: '192.168.43.7', os.name: 'Windows 8.1', os.arch: 'amd64', os.version: '6.3', java.version: '1.8.0_121'
Driver info: driver.version: ChromeDriver
at org.openqa.selenium.remote.service.DriverService.waitUntilAvailable(DriverService.java:202)
at org.openqa.selenium.remote.service.DriverService.start(DriverService.java:188)
at org.openqa.selenium.remote.service.DriverCommandExecutor.execute(DriverCommandExecutor.java:79)
at org.openqa.selenium.remote.RemoteWebDriver.execute(RemoteWebDriver.java:552)
at org.openqa.selenium.remote.RemoteWebDriver.startSession(RemoteWebDriver.java:213)
at org.openqa.selenium.remote.RemoteWebDriver.<init>(RemoteWebDriver.java:131)
at org.openqa.selenium.chrome.ChromeDriver.<init>(ChromeDriver.java:181)
at org.openqa.selenium.chrome.ChromeDriver.<init>(ChromeDriver.java:168)
at org.openqa.selenium.chrome.ChromeDriver.<init>(ChromeDriver.java:123)
at Practice1.SeleniumMavenProject.WebdriverSetup.Webdriverconfig(WebdriverSetup.java:17)
at Practice1.SeleniumMavenProject.SwitchingFrames.SwitchFrames(SwitchingFrames.java:15)
at java.util.ArrayList.forEach(ArrayList.java:1249)
Caused by: org.openqa.selenium.net.UrlChecker$TimeoutException: Timed out waiting for [http://localhost:31019/status] to be available after 20004 ms
at org.openqa.selenium.net.UrlChecker.waitUntilAvailable(UrlChecker.java:100)
at org.openqa.selenium.remote.service.DriverService.waitUntilAvailable(DriverService.java:197)
... 38 more
Caused by: java.util.concurrent.TimeoutException
at java.util.concurrent.FutureTask.get(FutureTask.java:205)
at com.google.common.util.concurrent.SimpleTimeLimiter.callWithTimeout(SimpleTimeLimiter.java:156)
at org.openqa.selenium.net.UrlChecker.waitUntilAvailable(UrlChecker.java:75)
... 39 more
... Removed 27 stack frames]]>
    </failure>
  </testcase> <!-- SwitchFrames -->
  <testcase name="Dropdown_Selection" time="167.615" classname="Practice1.SeleniumMavenProject.SpiceJet"/>
  <testcase name="Demo3" time="0.078" classname="Practice1.SeleniumMavenProject.Tes3"/>
  <testcase name="Login" time="57.832" classname="Practice1.SeleniumMavenProject.Facebook"/>
  <testcase name="demotestng" time="0.009" classname="Practice1.SeleniumMavenProject.Tes1"/>
  <testcase name="Auto_Suggestive_Dropdown" time="127.896" classname="Practice1.SeleniumMavenProject.MakeMyTrip"/>
</testsuite> <!-- Test -->
