<?xml version="1.0" encoding="UTF-8"?>
<testng-results skipped="0" failed="0" ignored="0" total="1" passed="1">
  <reporter-output>
  </reporter-output>
  <suite name="Default suite" duration-ms="22300" started-at="2020-06-07T15:42:42 IST" finished-at="2020-06-07T15:43:04 IST">
    <groups>
    </groups>
    <test name="Default test" duration-ms="22300" started-at="2020-06-07T15:42:42 IST" finished-at="2020-06-07T15:43:04 IST">
      <class name="Practice1.SeleniumMavenProject.RahulShettyGreenKart">
        <test-method status="PASS" signature="GreenKart()[pri:0, instance:Practice1.SeleniumMavenProject.RahulShettyGreenKart@536aaa8d]" name="GreenKart" duration-ms="22192" started-at="2020-06-07T15:42:42 IST" finished-at="2020-06-07T15:43:04 IST">
          <reporter-output>
          </reporter-output>
        </test-method> <!-- GreenKart -->
      </class> <!-- Practice1.SeleniumMavenProject.RahulShettyGreenKart -->
    </test> <!-- Default test -->
  </suite> <!-- Default suite -->
</testng-results>
