<?xml version="1.0" encoding="UTF-8"?>
<testsuite xmlns:xsi="http://www.w3.org/2001/XMLSchema-instance" xsi:noNamespaceSchemaLocation="https://maven.apache.org/surefire/maven-surefire-plugin/xsd/surefire-test-report-3.0.xsd" version="3.0" name="TestSuite" time="422.627" tests="8" errors="0" skipped="0" failures="1">
  <properties>
[...]
</properties>
  <testcase name="GreenKart" classname="Practice1.SeleniumMavenProject.RahulShettyGreenKart" time="26.523">
    <failure message="expected [true] but found [false]" type="java.lang.AssertionError"><![CDATA[java.lang.AssertionError: expected [true] but found [false]
	at Practice1.SeleniumMavenProject.RahulShettyGreenKart.GreenKart(RahulShettyGreenKart.java:78)
]]></failure>
    <system-out><![CDATA[No of productrs on page: 30
Brocolli
Cauliflower
Cucumber
Beetroot
Carrot
Tomato
]]></system-out>
    <system-err><![CDATA[Starting ChromeDriver 83.0.4103.39 (ccbf011cb2d2b19b506d844400483861342c20cd-refs/branch-heads/4103@{#416}) on port 47619
Only local connections are allowed.
Please see https://chromedriver.chromium.org/security-considerations for suggestions on keeping ChromeDriver safe.
ChromeDriver was started successfully.
Jun 18, 2020 6:10:16 PM org.openqa.selenium.remote.ProtocolHandshake createSession
INFO: Detected dialect: W3C
]]></system-err>
  </testcase>
  <testcase name="Action" classname="Practice1.SeleniumMavenProject.Amazon_Action" time="14.151"/>
  <testcase name="AlertTest" classname="Practice1.SeleniumMavenProject.AlertHandling" time="49.631"/>
  <testcase name="SwitchWindow" classname="Practice1.SeleniumMavenProject.SwitchingWindows" time="17.071"/>
  <testcase name="ClickonLink" classname="Practice1.SeleniumMavenProject.ClickingOnLinks" time="50.902"/>
  <testcase name="SwitchFrames" classname="Practice1.SeleniumMavenProject.SwitchingFrames" time="17.348"/>
  <testcase name="Dropdown_Selection" classname="Practice1.SeleniumMavenProject.SpiceJet" time="93.763"/>
  <testcase name="Login" classname="Practice1.SeleniumMavenProject.Facebook" time="22.371"/>
</testsuite>