<?xml version="1.0" encoding="UTF-8"?>
<!-- Generated by org.testng.reporters.JUnitXMLReporter -->
<testsuite hostname="DELL" ignored="0" name="RahulShettyGreenKart" tests="1" failures="1" timestamp="2020-06-18T02:14:38 IST" time="13.965" errors="0">
  <testcase name="GreenKart" time="12.364" classname="Practice1.SeleniumMavenProject.RahulShettyGreenKart">
    <failure type="java.lang.AssertionError" message="expected [true] but found [false]">
      <![CDATA[java.lang.AssertionError: expected [true] but found [false]
at Practice1.SeleniumMavenProject.RahulShettyGreenKart.GreenKart(RahulShettyGreenKart.java:78)
at java.util.ArrayList.forEach(Unknown Source)
... Removed 36 stack frames]]>
    </failure>
  </testcase> <!-- GreenKart -->
</testsuite> <!-- RahulShettyGreenKart -->
