<?xml version="1.0" encoding="UTF-8"?>
<!-- Generated by org.testng.reporters.JUnitXMLReporter -->
<testsuite hostname="DELL" ignored="0" name="Test" tests="11" failures="1" timestamp="2020-05-31T14:59:06 IST" time="262.316" errors="0">
  <testcase name="GreenKart" time="22.965" classname="Practice1.SeleniumMavenProject.RahulShettyGreenKart"/>
  <testcase name="Action" time="17.774" classname="Practice1.SeleniumMavenProject.Amazon_Action"/>
  <testcase name="AlertTest" time="27.687" classname="Practice1.SeleniumMavenProject.AlertHandling"/>
  <testcase name="SwitchWindow" time="24.181" classname="Practice1.SeleniumMavenProject.SwitchingWindows"/>
  <testcase name="ClickonLink" time="24.907" classname="Practice1.SeleniumMavenProject.ClickingOnLinks">
    <failure type="org.openqa.selenium.WebDriverException" message="Timed out waiting for driver server to start.
Build info: version: &amp;apos;3.141.59&amp;apos;, revision: &amp;apos;e82be7d358&amp;apos;, time: &amp;apos;2018-11-14T08:17:03&amp;apos;
System info: host: &amp;apos;DELL&amp;apos;, ip: &amp;apos;192.168.43.7&amp;apos;, os.name: &amp;apos;Windows 8.1&amp;apos;, os.arch: &amp;apos;amd64&amp;apos;, os.version: &amp;apos;6.3&amp;apos;, java.version: &amp;apos;1.8.0_121&amp;apos;
Driver info: driver.version: ChromeDriver">
      <![CDATA[org.openqa.selenium.WebDriverException: Timed out waiting for driver server to start.
Build info: version: '3.141.59', revision: 'e82be7d358', time: '2018-11-14T08:17:03'
System info: host: 'DELL', ip: '192.168.43.7', os.name: 'Windows 8.1', os.arch: 'amd64', os.version: '6.3', java.version: '1.8.0_121'
Driver info: driver.version: ChromeDriver
at org.openqa.selenium.remote.service.DriverService.waitUntilAvailable(DriverService.java:202)
at org.openqa.selenium.remote.service.DriverService.start(DriverService.java:188)
at org.openqa.selenium.remote.service.DriverCommandExecutor.execute(DriverCommandExecutor.java:79)
at org.openqa.selenium.remote.RemoteWebDriver.execute(RemoteWebDriver.java:552)
at org.openqa.selenium.remote.RemoteWebDriver.startSession(RemoteWebDriver.java:213)
at org.openqa.selenium.remote.RemoteWebDriver.<init>(RemoteWebDriver.java:131)
at org.openqa.selenium.chrome.ChromeDriver.<init>(ChromeDriver.java:181)
at org.openqa.selenium.chrome.ChromeDriver.<init>(ChromeDriver.java:168)
at org.openqa.selenium.chrome.ChromeDriver.<init>(ChromeDriver.java:123)
at Practice1.SeleniumMavenProject.WebdriverSetup.Webdriverconfig(WebdriverSetup.java:17)
at Practice1.SeleniumMavenProject.ClickingOnLinks.ClickonLink(ClickingOnLinks.java:19)
at java.util.ArrayList.forEach(Unknown Source)
Caused by: org.openqa.selenium.net.UrlChecker$TimeoutException: Timed out waiting for [http://localhost:46806/status] to be available after 20000 ms
at org.openqa.selenium.net.UrlChecker.waitUntilAvailable(UrlChecker.java:100)
at org.openqa.selenium.remote.service.DriverService.waitUntilAvailable(DriverService.java:197)
... 42 more
Caused by: java.util.concurrent.TimeoutException
at java.util.concurrent.FutureTask.get(Unknown Source)
at com.google.common.util.concurrent.SimpleTimeLimiter.callWithTimeout(SimpleTimeLimiter.java:156)
at org.openqa.selenium.net.UrlChecker.waitUntilAvailable(UrlChecker.java:75)
... 43 more
... Removed 31 stack frames]]>
    </failure>
  </testcase> <!-- ClickonLink -->
  <testcase name="SwitchFrames" time="38.713" classname="Practice1.SeleniumMavenProject.SwitchingFrames"/>
  <testcase name="Dropdown_Selection" time="48.369" classname="Practice1.SeleniumMavenProject.SpiceJet"/>
  <testcase name="Demo3" time="0.0" classname="Practice1.SeleniumMavenProject.Tes3"/>
  <testcase name="Login" time="26.677" classname="Practice1.SeleniumMavenProject.Facebook"/>
  <testcase name="demotestng" time="0.001" classname="Practice1.SeleniumMavenProject.Tes1"/>
  <testcase name="Auto_Suggestive_Dropdown" time="28.936" classname="Practice1.SeleniumMavenProject.MakeMyTrip"/>
</testsuite> <!-- Test -->
