<?xml version="1.0" encoding="UTF-8"?>
<!-- Generated by org.testng.reporters.JUnitXMLReporter -->
<testsuite hostname="DELL" ignored="0" name="Test" tests="8" failures="1" timestamp="2020-06-18T18:16:48 IST" time="405.002" errors="0">
  <testcase name="GreenKart" time="25.22" classname="Practice1.SeleniumMavenProject.RahulShettyGreenKart">
    <failure type="java.lang.AssertionError" message="expected [true] but found [false]">
      <![CDATA[java.lang.AssertionError: expected [true] but found [false]
at Practice1.SeleniumMavenProject.RahulShettyGreenKart.GreenKart(RahulShettyGreenKart.java:78)
at java.util.ArrayList.forEach(ArrayList.java:1249)
at java.util.concurrent.FutureTask.run(FutureTask.java:266)
at java.util.concurrent.ThreadPoolExecutor.runWorker(ThreadPoolExecutor.java:1142)
at java.util.concurrent.ThreadPoolExecutor$Worker.run(ThreadPoolExecutor.java:617)
at java.lang.Thread.run(Thread.java:745)
... Removed 23 stack frames]]>
    </failure>
  </testcase> <!-- GreenKart -->
  <testcase name="Action" time="14.155" classname="Practice1.SeleniumMavenProject.Amazon_Action"/>
  <testcase name="AlertTest" time="49.625" classname="Practice1.SeleniumMavenProject.AlertHandling"/>
  <testcase name="SwitchWindow" time="17.071" classname="Practice1.SeleniumMavenProject.SwitchingWindows"/>
  <testcase name="ClickonLink" time="50.9" classname="Practice1.SeleniumMavenProject.ClickingOnLinks"/>
  <testcase name="SwitchFrames" time="17.349" classname="Practice1.SeleniumMavenProject.SwitchingFrames"/>
  <testcase name="Dropdown_Selection" time="93.767" classname="Practice1.SeleniumMavenProject.SpiceJet"/>
  <testcase name="Login" time="22.367" classname="Practice1.SeleniumMavenProject.Facebook"/>
</testsuite> <!-- Test -->
